Creating resource group General
Creating resource group OgreInternal
Creating resource group OgreAutodetect
SceneManagerFactory for type 'DefaultSceneManager' registered.
Registering ResourceManager for type Material
Registering ResourceManager for type Mesh
Registering ResourceManager for type Skeleton
MovableObjectFactory for type 'ParticleSystem' registered.
ArchiveFactory for type 'FileSystem' registered
ArchiveFactory for type 'Zip' registered
ArchiveFactory for type 'EmbeddedZip' registered
DDS codec registering
ETC codec registering
ASTC codec registering
Registering ResourceManager for type GpuProgram
Registering ResourceManager for type Compositor
MovableObjectFactory for type 'Entity' registered.
MovableObjectFactory for type 'Light' registered.
MovableObjectFactory for type 'BillboardSet' registered.
MovableObjectFactory for type 'ManualObject' registered.
MovableObjectFactory for type 'BillboardChain' registered.
MovableObjectFactory for type 'RibbonTrail' registered.
MovableObjectFactory for type 'StaticGeometry' registered.
MovableObjectFactory for type 'Rectangle2D' registered.
Loading library E:/Blender/test1/finalproject/build/dist/bin/./RenderSystem_GL.dll
Installing plugin: GL RenderSystem
OpenGL Rendering Subsystem created.
Plugin successfully installed
Loading library E:/Blender/test1/finalproject/build/dist/bin/./Codec_STBI.dll
stb_image - v2.28 - public domain image loader
Supported formats: jpeg,jpg,png,bmp,psd,tga,gif,pic,ppm,pgm,hdr
*-*-* OGRE Initialising
*-*-* Version 13.6.5 (Tsathoggua)
OverlayElementFactory for type Panel registered.
OverlayElementFactory for type BorderPanel registered.
OverlayElementFactory for type TextArea registered.
Registering ResourceManager for type Font
CPU Identifier & Features
-------------------------
 *   CPU ID: GenuineIntel: 11th Gen Intel(R) Core(TM) i7-11800H @ 2.30GHz
 *          SSE: yes
 *         SSE2: yes
 *         SSE3: yes
 *        SSE41: yes
 *        SSE42: yes
 *          MMX: yes
 *       MMXEXT: yes
 *        3DNOW: no
 *     3DNOWEXT: no
 *         CMOV: yes
 *          TSC: yes
 *INVARIANT TSC: yes
 *          FPU: yes
 *          PRO: yes
 *           HT: no
-------------------------
*** Starting Win32GL Subsystem ***
Registering ResourceManager for type Texture
RenderSystem::_createRenderWindow "OgreBasicApp", 640x480 windowed  miscParams: FSAA=0 colourDepth= displayFrequency=N/A externalWindowHandle=4919014 gamma=No sdlwin=2027313986864 vsync=Yes vsyncInterval=1 
Supported WGL extensions: WGL_EXT_depth_float WGL_ARB_buffer_region WGL_ARB_extensions_string WGL_ARB_make_current_read WGL_ARB_pixel_format WGL_ARB_pbuffer WGL_EXT_extensions_string WGL_EXT_swap_control WGL_ARB_multisample WGL_ARB_pixel_format_float WGL_ARB_framebuffer_sRGB WGL_ARB_create_context WGL_ARB_create_context_profile WGL_EXT_pixel_format_packed_float WGL_EXT_create_context_es_profile WGL_EXT_create_context_es2_profile WGL_NV_DX_interop WGL_NV_DX_interop2 WGL_ARB_robustness_application_isolation WGL_ARB_robustness_share_group_isolation WGL_ARB_create_context_robustness WGL_ARB_context_flush_control 
GL_VERSION = 4.6.0.0
GL_VENDOR = Intel
GL_RENDERER = Intel(R) UHD Graphics
GL_EXTENSIONS = GL_3DFX_texture_compression_FXT1 GL_AMD_depth_clamp_separate GL_AMD_vertex_shader_layer GL_AMD_vertex_shader_viewport_index GL_ARB_ES2_compatibility GL_ARB_ES3_1_compatibility GL_ARB_ES3_compatibility GL_ARB_arrays_of_arrays GL_ARB_base_instance GL_ARB_bindless_texture GL_ARB_blend_func_extended GL_ARB_buffer_storage GL_ARB_cl_event GL_ARB_clear_buffer_object GL_ARB_clear_texture GL_ARB_clip_control GL_ARB_color_buffer_float GL_ARB_compatibility GL_ARB_compressed_texture_pixel_storage GL_ARB_compute_shader GL_ARB_conditional_render_inverted GL_ARB_conservative_depth GL_ARB_copy_buffer GL_ARB_copy_image GL_ARB_cull_distance GL_ARB_debug_output GL_ARB_depth_buffer_float GL_ARB_depth_clamp GL_ARB_depth_texture GL_ARB_derivative_control GL_ARB_direct_state_access GL_ARB_draw_buffers GL_ARB_draw_buffers_blend GL_ARB_draw_elements_base_vertex GL_ARB_draw_indirect GL_ARB_draw_instanced GL_ARB_enhanced_layouts GL_ARB_explicit_attrib_location GL_ARB_explicit_uniform_location GL_ARB_fragment_coord_conventions GL_ARB_fragment_layer_viewport GL_ARB_fragment_program GL_ARB_fragment_program_shadow GL_ARB_fragment_shader GL_ARB_fragment_shader_interlock GL_ARB_framebuffer_no_attachments GL_ARB_framebuffer_object GL_ARB_framebuffer_sRGB GL_ARB_geometry_shader4 GL_ARB_get_program_binary GL_ARB_get_texture_sub_image GL_ARB_gl_spirv GL_ARB_gpu_shader5 GL_ARB_gpu_shader_fp64 GL_ARB_half_float_pixel GL_ARB_half_float_vertex GL_ARB_indirect_parameters GL_ARB_instanced_arrays GL_ARB_internalformat_query GL_ARB_internalformat_query2 GL_ARB_invalidate_subdata GL_ARB_map_buffer_alignment GL_ARB_map_buffer_range GL_ARB_multi_bind GL_ARB_multi_draw_indirect GL_ARB_multisample GL_ARB_multitexture GL_ARB_occlusion_query GL_ARB_occlusion_query2 GL_ARB_pipeline_statistics_query GL_ARB_pixel_buffer_object GL_ARB_point_parameters GL_ARB_point_sprite GL_ARB_polygon_offset_clamp GL_ARB_post_depth_coverage GL_ARB_program_interface_query GL_ARB_provoking_vertex GL_ARB_query_buffer_object GL_ARB_robust_buffer_access_behavior GL_ARB_robustness GL_ARB_robustness_isolation GL_ARB_sample_shading GL_ARB_sampler_objects GL_ARB_seamless_cube_map GL_ARB_seamless_cubemap_per_texture GL_ARB_separate_shader_objects GL_ARB_shader_atomic_counter_ops GL_ARB_shader_atomic_counters GL_ARB_shader_bit_encoding GL_ARB_shader_draw_parameters GL_ARB_shader_group_vote GL_ARB_shader_image_load_store GL_ARB_shader_image_size GL_ARB_shader_objects GL_ARB_shader_precision GL_ARB_shader_stencil_export GL_ARB_shader_storage_buffer_object GL_ARB_shader_subroutine GL_ARB_shader_texture_image_samples GL_ARB_shading_language_100 GL_ARB_shading_language_420pack GL_ARB_shading_language_packing GL_ARB_shadow GL_ARB_spirv_extensions GL_ARB_stencil_texturing GL_ARB_sync GL_ARB_tessellation_shader GL_ARB_texture_barrier GL_ARB_texture_border_clamp GL_ARB_texture_buffer_object GL_ARB_texture_buffer_object_rgb32 GL_ARB_texture_buffer_range GL_ARB_texture_compression GL_ARB_texture_compression_bptc GL_ARB_texture_compression_rgtc GL_ARB_texture_cube_map GL_ARB_texture_cube_map_array GL_ARB_texture_env_add GL_ARB_texture_env_combine GL_ARB_texture_env_crossbar GL_ARB_texture_env_dot3 GL_ARB_texture_filter_anisotropic GL_ARB_texture_float GL_ARB_texture_gather GL_ARB_texture_mirror_clamp_to_edge GL_ARB_texture_mirrored_repeat GL_ARB_texture_multisample GL_ARB_texture_non_power_of_two GL_ARB_texture_query_levels GL_ARB_texture_query_lod GL_ARB_texture_rectangle GL_ARB_texture_rg GL_ARB_texture_rgb10_a2ui GL_ARB_texture_stencil8 GL_ARB_texture_storage GL_ARB_texture_storage_multisample GL_ARB_texture_swizzle GL_ARB_texture_view GL_ARB_timer_query GL_ARB_transform_feedback2 GL_ARB_transform_feedback3 GL_ARB_transform_feedback_instanced GL_ARB_transform_feedback_overflow_query GL_ARB_transpose_matrix GL_ARB_uniform_buffer_object GL_ARB_vertex_array_bgra GL_ARB_vertex_array_object GL_ARB_vertex_attrib_64bit GL_ARB_vertex_attrib_binding GL_ARB_vertex_buffer_object GL_ARB_vertex_program GL_ARB_vertex_shader GL_ARB_vertex_type_10f_11f_11f_rev GL_ARB_vertex_type_2_10_10_10_rev GL_ARB_viewport_array GL_ARB_window_pos GL_ATI_separate_stencil GL_EXT_abgr GL_EXT_bgra GL_EXT_blend_color GL_EXT_blend_equation_separate GL_EXT_blend_func_separate GL_EXT_blend_minmax GL_EXT_blend_subtract GL_EXT_clip_volume_hint GL_EXT_compiled_vertex_array GL_EXT_depth_bounds_test GL_EXT_direct_state_access GL_EXT_draw_buffers2 GL_EXT_draw_range_elements GL_EXT_fog_coord GL_EXT_framebuffer_blit GL_EXT_framebuffer_multisample GL_EXT_framebuffer_object GL_EXT_geometry_shader4 GL_EXT_gpu_program_parameters GL_EXT_gpu_shader4 GL_EXT_memory_object GL_EXT_memory_object_win32 GL_EXT_multi_draw_arrays GL_EXT_packed_depth_stencil GL_EXT_packed_float GL_EXT_packed_pixels GL_EXT_polygon_offset_clamp GL_EXT_rescale_normal GL_EXT_secondary_color GL_EXT_semaphore GL_EXT_semaphore_win32 GL_EXT_separate_specular_color GL_EXT_shader_framebuffer_fetch GL_EXT_shader_integer_mix GL_EXT_shadow_funcs GL_EXT_stencil_two_side GL_EXT_stencil_wrap GL_EXT_texture3D GL_EXT_texture_array GL_EXT_texture_compression_s3tc GL_EXT_texture_edge_clamp GL_EXT_texture_env_add GL_EXT_texture_env_combine GL_EXT_texture_filter_anisotropic GL_EXT_texture_integer GL_EXT_texture_lod_bias GL_EXT_texture_rectangle GL_EXT_texture_sRGB GL_EXT_texture_sRGB_decode GL_EXT_texture_shared_exponent GL_EXT_texture_snorm GL_EXT_texture_storage GL_EXT_texture_swizzle GL_EXT_timer_query GL_EXT_transform_feedback GL_IBM_texture_mirrored_repeat GL_INTEL_coarse_fragment_shader GL_INTEL_conservative_rasterization GL_INTEL_fragment_shader_ordering GL_INTEL_framebuffer_CMAA GL_INTEL_map_texture GL_INTEL_multi_rate_fragment_shader GL_INTEL_performance_query GL_KHR_blend_equation_advanced GL_KHR_blend_equation_advanced_coherent GL_KHR_context_flush_control GL_KHR_debug GL_KHR_no_error GL_KHR_shader_subgroup GL_KHR_shader_subgroup_arithmetic GL_KHR_shader_subgroup_ballot GL_KHR_shader_subgroup_basic GL_KHR_shader_subgroup_clustered GL_KHR_shader_subgroup_quad GL_KHR_shader_subgroup_shuffle GL_KHR_shader_subgroup_shuffle_relative GL_KHR_shader_subgroup_vote GL_KHR_texture_compression_astc_ldr GL_NV_blend_square GL_NV_conditional_render GL_NV_primitive_restart GL_NV_texgen_reflection GL_OVR_multiview GL_SGIS_generate_mipmap GL_SGIS_texture_edge_clamp GL_SGIS_texture_lod GL_SUN_multi_draw_arrays GL_WIN_swap_hint WGL_EXT_swap_control
***************************
*** GL Renderer Started ***
***************************
GLSL support detected
GL: Using GL_EXT_framebuffer_object for rendering to textures (best)
FBO PF_UNKNOWN depth/stencil support: D0S1 D0S4 D0S8 D0S16 D16S0 D16S1 D16S4 D16S8 D16S16 D24S0 D24S1 D24S4 D24S8 D24S16 D32S0 D32S1 D32S4 D32S8 D32S16 Packed-D24S8
FBO PF_A8 depth/stencil support: D0S0 D0S1 D0S4 D0S8 D0S16 D16S0 D16S1 D16S4 D16S8 D16S16 D24S0 D24S1 D24S4 D24S8 D24S16 D32S0 D32S1 D32S4 D32S8 D32S16 Packed-D24S8
FBO PF_R5G6B5 depth/stencil support: D0S0 D0S1 D0S4 D0S8 D0S16 D16S0 D16S1 D16S4 D16S8 D16S16 D24S0 D24S1 D24S4 D24S8 D24S16 D32S0 D32S1 D32S4 D32S8 D32S16 Packed-D24S8
FBO PF_A4R4G4B4 depth/stencil support: D0S0 D0S1 D0S4 D0S8 D0S16 D16S0 D16S1 D16S4 D16S8 D16S16 D24S0 D24S1 D24S4 D24S8 D24S16 D32S0 D32S1 D32S4 D32S8 D32S16 Packed-D24S8
FBO PF_A1R5G5B5 depth/stencil support: D0S0 D0S1 D0S4 D0S8 D0S16 D16S0 D16S1 D16S4 D16S8 D16S16 D24S0 D24S1 D24S4 D24S8 D24S16 D32S0 D32S1 D32S4 D32S8 D32S16 Packed-D24S8
FBO PF_R8G8B8 depth/stencil support: D0S0 D0S1 D0S4 D0S8 D0S16 D16S0 D16S1 D16S4 D16S8 D16S16 D24S0 D24S1 D24S4 D24S8 D24S16 D32S0 D32S1 D32S4 D32S8 D32S16 Packed-D24S8
FBO PF_B8G8R8 depth/stencil support: D0S0 D0S1 D0S4 D0S8 D0S16 D16S0 D16S1 D16S4 D16S8 D16S16 D24S0 D24S1 D24S4 D24S8 D24S16 D32S0 D32S1 D32S4 D32S8 D32S16 Packed-D24S8
FBO PF_A8R8G8B8 depth/stencil support: D0S0 D0S1 D0S4 D0S8 D0S16 D16S0 D16S1 D16S4 D16S8 D16S16 D24S0 D24S1 D24S4 D24S8 D24S16 D32S0 D32S1 D32S4 D32S8 D32S16 Packed-D24S8
FBO PF_A8B8G8R8 depth/stencil support: D0S0 D0S1 D0S4 D0S8 D0S16 D16S0 D16S1 D16S4 D16S8 D16S16 D24S0 D24S1 D24S4 D24S8 D24S16 D32S0 D32S1 D32S4 D32S8 D32S16 Packed-D24S8
FBO PF_B8G8R8A8 depth/stencil support: D0S0 D0S1 D0S4 D0S8 D0S16 D16S0 D16S1 D16S4 D16S8 D16S16 D24S0 D24S1 D24S4 D24S8 D24S16 D32S0 D32S1 D32S4 D32S8 D32S16 Packed-D24S8
FBO PF_FLOAT16_RGB depth/stencil support: D0S0 D0S1 D0S4 D0S8 D0S16 D16S0 D16S1 D16S4 D16S8 D16S16 D24S0 D24S1 D24S4 D24S8 D24S16 D32S0 D32S1 D32S4 D32S8 D32S16 Packed-D24S8
FBO PF_FLOAT16_RGBA depth/stencil support: D0S0 D0S1 D0S4 D0S8 D0S16 D16S0 D16S1 D16S4 D16S8 D16S16 D24S0 D24S1 D24S4 D24S8 D24S16 D32S0 D32S1 D32S4 D32S8 D32S16 Packed-D24S8
FBO PF_FLOAT32_RGB depth/stencil support: D0S0 D0S1 D0S4 D0S8 D0S16 D16S0 D16S1 D16S4 D16S8 D16S16 D24S0 D24S1 D24S4 D24S8 D24S16 D32S0 D32S1 D32S4 D32S8 D32S16 Packed-D24S8
FBO PF_FLOAT32_RGBA depth/stencil support: D0S0 D0S1 D0S4 D0S8 D0S16 D16S0 D16S1 D16S4 D16S8 D16S16 D24S0 D24S1 D24S4 D24S8 D24S16 D32S0 D32S1 D32S4 D32S8 D32S16 Packed-D24S8
FBO PF_X8R8G8B8 depth/stencil support: D0S0 D0S1 D0S4 D0S8 D0S16 D16S0 D16S1 D16S4 D16S8 D16S16 D24S0 D24S1 D24S4 D24S8 D24S16 D32S0 D32S1 D32S4 D32S8 D32S16 Packed-D24S8
FBO PF_X8B8G8R8 depth/stencil support: D0S0 D0S1 D0S4 D0S8 D0S16 D16S0 D16S1 D16S4 D16S8 D16S16 D24S0 D24S1 D24S4 D24S8 D24S16 D32S0 D32S1 D32S4 D32S8 D32S16 Packed-D24S8
FBO PF_R8G8B8A8 depth/stencil support: D0S0 D0S1 D0S4 D0S8 D0S16 D16S0 D16S1 D16S4 D16S8 D16S16 D24S0 D24S1 D24S4 D24S8 D24S16 D32S0 D32S1 D32S4 D32S8 D32S16 Packed-D24S8
FBO PF_DEPTH16 depth/stencil support: D0S0 D0S1 D0S4 D0S8 D0S16 D16S0 D16S1 D16S4 D16S8 D16S16 D24S0 D24S1 D24S4 D24S8 D24S16 D32S0 D32S1 D32S4 D32S8 D32S16 Packed-D24S8
FBO PF_SHORT_RGBA depth/stencil support: D0S0 D0S1 D0S4 D0S8 D0S16 D16S0 D16S1 D16S4 D16S8 D16S16 D24S0 D24S1 D24S4 D24S8 D24S16 D32S0 D32S1 D32S4 D32S8 D32S16 Packed-D24S8
FBO PF_R3G3B2 depth/stencil support: D0S0 D0S1 D0S4 D0S8 D0S16 D16S0 D16S1 D16S4 D16S8 D16S16 D24S0 D24S1 D24S4 D24S8 D24S16 D32S0 D32S1 D32S4 D32S8 D32S16 Packed-D24S8
FBO PF_SHORT_RGB depth/stencil support: D0S0 D0S1 D0S4 D0S8 D0S16 D16S0 D16S1 D16S4 D16S8 D16S16 D24S0 D24S1 D24S4 D24S8 D24S16 D32S0 D32S1 D32S4 D32S8 D32S16 Packed-D24S8
[GL] : Valid FBO targets PF_UNKNOWN PF_A8 PF_R5G6B5 PF_A4R4G4B4 PF_A1R5G5B5 PF_R8G8B8 PF_B8G8R8 PF_A8R8G8B8 PF_A8B8G8R8 PF_B8G8R8A8 PF_FLOAT16_RGB PF_FLOAT16_RGBA PF_FLOAT32_RGB PF_FLOAT32_RGBA PF_X8R8G8B8 PF_X8B8G8R8 PF_R8G8B8A8 PF_DEPTH16 PF_SHORT_RGBA PF_R3G3B2 PF_SHORT_RGB 
RenderSystem capabilities
-------------------------
RenderSystem Name: OpenGL Rendering Subsystem
GPU Vendor: intel
Device Name: Intel(R) UHD Graphics
Driver Version: 4.6.0.0
 * Fixed function pipeline: yes
 * 32-bit index buffers: yes
 * Hardware stencil buffer: yes
   - Two sided stencil support: yes
   - Wrap stencil values: yes
 * Vertex programs: yes
   - Number of constant 4-vectors: 256
 * Fragment programs: yes
   - Number of constant 4-vectors: 256
 * Geometry programs: yes
   - Number of constant 4-vectors: 1024
 * Tessellation Hull programs: no
 * Tessellation Domain programs: no
 * Compute programs: no
 * Supported Shader Profiles: arbfp1 arbvp1 glsl glsl100 glsl110 glsl120
 * Read-back compiled shader: yes
 * Number of vertex attributes: 16
 * Textures
   - Number of texture units: 16
   - Floating point: yes
   - Non-power-of-two: yes
   - 1D textures: yes
   - 2D array textures: yes
   - 3D textures: yes
   - Anisotropic filtering: yes
 * Texture Compression: yes
   - DXT: yes
   - VTC: no
   - PVRTC: no
   - ATC: no
   - ETC1: no
   - ETC2: no
   - BC4/BC5: no
   - BC6H/BC7: no
   - ASTC: no
   - Automatic mipmap generation: yes
 * Vertex Buffers
   - Render to Vertex Buffer: no
   - Instance Data: yes
   - Primitive Restart: no
   - INT_10_10_10_2_NORM element type: no
 * Vertex texture fetch: yes
   - Max vertex textures: 32
   - Vertex textures shared: no
 * Read/Write Buffers: no
 * Hardware Occlusion Query: yes
 * User clip planes: yes
 * Depth clamping: no
 * Hardware render-to-texture: yes
   - Multiple Render Targets: 8
   - With different bit depths: yes
 * Point Sprites: yes
   - Extended parameters: yes
   - Max Size: 255
 * Wide Lines: yes
 * Hardware Gamma: yes
 * PBuffer support: yes
 * Vertex Array Objects: no
 * Separate shader objects: no
   - redeclare GLSL interface block: no
 * Debugging/ profiling events: no
 * Map buffer storage: yes
DefaultWorkQueue('Root') initialising on thread 30888.
DefaultWorkQueue('Root')::WorkerFunc - thread 12160 starting.
DefaultWorkQueue('Root')::WorkerFunc - thread 29648 starting.
Particle Renderer Type 'billboard' registered
Parsing 'E:\Blender\test1\finalproject\build\dist\bin\resources.cfg'
Creating resource group Essential
Added resource location 'E:/Blender/test1/finalproject/build/dist/bin/../media/packs/SdkTrays.zip' of type 'Zip' to resource group 'Essential'
Added resource location 'E:/Blender/test1/finalproject/build/dist/bin/../media/packs/Cave.zip' of type 'Zip' to resource group 'Essential'
Added resource location 'E:/Blender/test1/finalproject/build/dist/bin/../media/packs/Forest.zip' of type 'Zip' to resource group 'Essential'
Added resource location 'E:/Blender/test1/finalproject/build/dist/bin/../media/packs/Squirtle.zip' of type 'Zip' to resource group 'Essential'
Added resource location 'E:/Blender/test1/finalproject/build/dist/bin/../media/packs/Wartortle.zip' of type 'Zip' to resource group 'Essential'
Added resource location 'E:/Blender/test1/finalproject/build/dist/bin/../media/packs/Blastoise.zip' of type 'Zip' to resource group 'Essential'
Added resource location 'E:/Blender/test1/finalproject/build/dist/bin/../media' of type 'FileSystem' to resource group 'General'
Added resource location 'E:/Blender/test1/finalproject/build/dist/bin/../media/materials/scripts' of type 'FileSystem' to resource group 'General'
Added resource location 'E:/Blender/test1/finalproject/build/dist/bin/../media/materials/textures' of type 'FileSystem' to resource group 'General'
Added resource location 'E:/Blender/test1/finalproject/build/dist/bin/../media/materials/audio' of type 'FileSystem' to resource group 'General'
Added resource location 'E:/Blender/test1/finalproject/build/dist/bin/../media/models' of type 'FileSystem' to resource group 'General'
Added resource location 'C:/projects/ogre-bsrh7/build/sdk/Media/Main' of type 'FileSystem' to resource group 'OgreInternal'
Added resource location 'C:/projects/ogre-bsrh7/build/sdk/Media/Terrain' of type 'FileSystem' to resource group 'OgreInternal'
Added resource location 'C:/projects/ogre-bsrh7/build/sdk/Media/RTShaderLib/GLSL' of type 'FileSystem' to resource group 'OgreInternal'
Added resource location 'C:/projects/ogre-bsrh7/build/sdk/Media/RTShaderLib/HLSL_Cg' of type 'FileSystem' to resource group 'OgreInternal'
Parsing scripts for resource group Essential
Parsing script SdkTrays.material
Parsing script Cave_crystal1.material
Parsing script Cave_floor1.material
Parsing script Cave_grassland1.material
Parsing script Cave_root1.material
Parsing script Cave_stone1.material
Parsing script Cave_wall1.material
Parsing script Cave_wall2.material
Parsing script Forest_C_grass1.material
Parsing script Forest_C_grass2.material
Parsing script Forest_C_grass3.material
Parsing script Forest_C_ground_base2.material
Parsing script Forest_C_ground_base3.material
Parsing script Forest_C_ground_base4.material
Parsing script Forest_C_ground_base5.material
Parsing script Forest_C_stone1.material
Parsing script Forest_C_tree1.material
Parsing script Forest_cliff1.material
Parsing script Forest_ground_base1.001.material
Parsing script Forest_mountain1.material
Parsing script Forest_sky1.001.material
Parsing script Squirtle_body_mat.material
Parsing script Squirtle_eyes_mat.material
Parsing script Wartortle_body_mat.001.material
Parsing script Wartortle_eyes_mat.002.material
Parsing script Blastoise_body_mat.material
Parsing script Blastoise_eyes_mat.material
Parsing script Blastoise_shell_mat.material
Parsing script SdkTrays.fontdef
Parsing script SdkTrays.overlay
Texture 'sdk_cursor.png': Loading 1 faces(PF_A8B8G8R8,32x32x1) with 5 hardware generated mipmaps from Image. Internal format is PF_A8B8G8R8,32x32x1.
Texture 'sdk_tray.png': Loading 1 faces(PF_A8B8G8R8,64x64x1) with 6 hardware generated mipmaps from Image. Internal format is PF_A8B8G8R8,64x64x1.
Texture 'sdk_button_up.png': Loading 1 faces(PF_A8B8G8R8,128x32x1) with 7 hardware generated mipmaps from Image. Internal format is PF_A8B8G8R8,128x32x1.
Texture 'sdk_text_box.png': Loading 1 faces(PF_A8B8G8R8,32x32x1) with 5 hardware generated mipmaps from Image. Internal format is PF_A8B8G8R8,32x32x1.
Texture 'sdk_mini_tray.png': Loading 1 faces(PF_A8B8G8R8,32x32x1) with 5 hardware generated mipmaps from Image. Internal format is PF_A8B8G8R8,32x32x1.
Texture 'sdk_track.png': Loading 1 faces(PF_A8B8G8R8,16x32x1) with 5 hardware generated mipmaps from Image. Internal format is PF_A8B8G8R8,16x32x1.
Texture 'sdk_handle.png': Loading 1 faces(PF_A8B8G8R8,16x16x1) with 4 hardware generated mipmaps from Image. Internal format is PF_A8B8G8R8,16x16x1.
Texture 'sdk_mini_text_box.png': Loading 1 faces(PF_A8B8G8R8,32x32x1) with 5 hardware generated mipmaps from Image. Internal format is PF_A8B8G8R8,32x32x1.
Texture 'sdk_label.png': Loading 1 faces(PF_A8B8G8R8,32x32x1) with 5 hardware generated mipmaps from Image. Internal format is PF_A8B8G8R8,32x32x1.
Texture 'sdk_separator.png': Loading 1 faces(PF_A8B8G8R8,64x16x1) with 6 hardware generated mipmaps from Image. Internal format is PF_A8B8G8R8,64x16x1.
Texture 'sdk_logo.png': Loading 1 faces(PF_A8B8G8R8,128x64x1) with 7 hardware generated mipmaps from Image. Internal format is PF_A8B8G8R8,128x64x1.
Texture 'sdk_shade.png': Loading 1 faces(PF_A8B8G8R8,64x48x1) with 6 hardware generated mipmaps from Image. Internal format is PF_A8B8G8R8,64x48x1.
Texture 'sdk_frame.png': Loading 1 faces(PF_A8B8G8R8,32x32x1) with 5 hardware generated mipmaps from Image. Internal format is PF_A8B8G8R8,32x32x1.
Texture 'sdk_mini_text_box_over.png': Loading 1 faces(PF_A8B8G8R8,32x32x1) with 5 hardware generated mipmaps from Image. Internal format is PF_A8B8G8R8,32x32x1.
Texture 'sdk_pulse.png': Loading 1 faces(PF_B8G8R8,8x1x1) with 3 hardware generated mipmaps from Image. Internal format is PF_B8G8R8,8x1x1.
Finished parsing scripts for resource group Essential
Creating resources for group Essential
All done
Parsing scripts for resource group General
Parsing script Ogre.material
Finished parsing scripts for resource group General
Creating resources for group General
All done
Parsing scripts for resource group OgreAutodetect
Finished parsing scripts for resource group OgreAutodetect
Creating resources for group OgreAutodetect
All done
Parsing scripts for resource group OgreInternal
Finished parsing scripts for resource group OgreInternal
Creating resources for group OgreInternal
All done
SoudManager Created.
List of Devices : OpenAL Soft
EAX 2.0 Extension available
... but not used.
ERROR: SoundManager::isOggExtensionPresent : Ogg Vorbis extension not availablee!
SoundManager initialised.

 ---> found Wav
 ---> found Wav
 ---> found Wav
 ---> found Wav
 ---> found Wav
setup sound
Texture 'intro.jpg': Loading 1 faces(PF_B8G8R8,1280x720x1) with 10 hardware generated mipmaps from Image. Internal format is PF_B8G8R8,1280x720x1.
Texture 'SdkTrays/CaptionTexture': Loading 1 faces(PF_BYTE_LA,256x256x1) Internal format is PF_BYTE_LA,256x256x1.
Texture 'SdkTrays/ValueTexture': Loading 1 faces(PF_BYTE_LA,256x256x1) Internal format is PF_BYTE_LA,256x256x1.
List of Devices : OpenAL Soft
setup sound
Texture 'sdk_button_over.png': Loading 1 faces(PF_A8B8G8R8,128x32x1) with 7 hardware generated mipmaps from Image. Internal format is PF_A8B8G8R8,128x32x1.
Texture 'sdk_button_down.png': Loading 1 faces(PF_A8B8G8R8,128x32x1) with 7 hardware generated mipmaps from Image. Internal format is PF_A8B8G8R8,128x32x1.
List of Devices : OpenAL Soft
setup sound
Cave button clicked
List of Devices : OpenAL Soft
setup sound
Mesh: Loading crystal1_mdl.mesh.
Texture 'crystal1.png': Loading 1 faces(PF_A8B8G8R8,512x512x1) with 9 hardware generated mipmaps from Image. Internal format is PF_A8B8G8R8,512x512x1.
Mesh: Loading floor1_mdl.mesh.
Texture 'floor1.png': Loading 1 faces(PF_A8B8G8R8,2048x2048x1) with 11 hardware generated mipmaps from Image. Internal format is PF_A8B8G8R8,2048x2048x1.
Mesh: Loading grassland1_mdl.mesh.
Texture 'grassland1.png': Loading 1 faces(PF_A8B8G8R8,1024x1024x1) with 10 hardware generated mipmaps from Image. Internal format is PF_A8B8G8R8,1024x1024x1.
Mesh: Loading root1_mdl.mesh.
Texture 'root1.png': Loading 1 faces(PF_A8B8G8R8,1024x1024x1) with 10 hardware generated mipmaps from Image. Internal format is PF_A8B8G8R8,1024x1024x1.
Mesh: Loading stone1_mdl.mesh.
Texture 'stone1.png': Loading 1 faces(PF_A8B8G8R8,512x512x1) with 9 hardware generated mipmaps from Image. Internal format is PF_A8B8G8R8,512x512x1.
Mesh: Loading wall1_mdl.mesh.
Texture 'wall1.png': Loading 1 faces(PF_A8B8G8R8,1024x1024x1) with 10 hardware generated mipmaps from Image. Internal format is PF_A8B8G8R8,1024x1024x1.
Texture 'wall2.png': Loading 1 faces(PF_A8B8G8R8,1024x1024x1) with 10 hardware generated mipmaps from Image. Internal format is PF_A8B8G8R8,1024x1024x1.
List of Devices : OpenAL Soft
setup sound
Forest button clicked
List of Devices : OpenAL Soft
setup sound
Mesh: Loading root_base.mesh.
Texture 'Forest_grass3.png': Loading 1 faces(PF_A8B8G8R8,128x128x1) with 7 hardware generated mipmaps from Image. Internal format is PF_A8B8G8R8,128x128x1.
Mesh: Loading root_base.001.mesh.
Texture 'Forest_ground_base1.png': Loading 1 faces(PF_A8B8G8R8,512x512x1) with 9 hardware generated mipmaps from Image. Internal format is PF_A8B8G8R8,512x512x1.
Mesh: Loading root_base.002.mesh.
Texture 'Forest_sky1.png': Loading 1 faces(PF_A8B8G8R8,2048x2048x1) with 11 hardware generated mipmaps from Image. Internal format is PF_A8B8G8R8,2048x2048x1.
Mesh: Loading root_base.003.mesh.
Texture 'Forest_ground_base3.png': Loading 1 faces(PF_A8B8G8R8,2048x2048x1) with 11 hardware generated mipmaps from Image. Internal format is PF_A8B8G8R8,2048x2048x1.
Mesh: Loading root_base.004.mesh.
Texture 'Forest_mountain1.png': Loading 1 faces(PF_A8B8G8R8,2048x2048x1) with 11 hardware generated mipmaps from Image. Internal format is PF_A8B8G8R8,2048x2048x1.
Mesh: Loading root_base.005.mesh.
Texture 'Forest_cliff1.png': Loading 1 faces(PF_A8B8G8R8,1024x1024x1) with 10 hardware generated mipmaps from Image. Internal format is PF_A8B8G8R8,1024x1024x1.
Mesh: Loading root_base.006.mesh.
Texture 'Forest_tree1.png': Loading 1 faces(PF_A8B8G8R8,512x512x1) with 9 hardware generated mipmaps from Image. Internal format is PF_A8B8G8R8,512x512x1.
Mesh: Loading root_LoopA.mesh.
Texture 'Forest_stone1.png': Loading 1 faces(PF_A8B8G8R8,512x512x1) with 9 hardware generated mipmaps from Image. Internal format is PF_A8B8G8R8,512x512x1.
Texture 'Forest_grass1.png': Loading 1 faces(PF_A8B8G8R8,256x256x1) with 8 hardware generated mipmaps from Image. Internal format is PF_A8B8G8R8,256x256x1.
Texture 'Forest_grass2.png': Loading 1 faces(PF_A8B8G8R8,256x256x1) with 8 hardware generated mipmaps from Image. Internal format is PF_A8B8G8R8,256x256x1.
Texture 'Forest_ground_base5.png': Loading 1 faces(PF_A8B8G8R8,512x512x1) with 9 hardware generated mipmaps from Image. Internal format is PF_A8B8G8R8,512x512x1.
Texture 'Forest_ground_base2.png': Loading 1 faces(PF_A8B8G8R8,2048x2048x1) with 11 hardware generated mipmaps from Image. Internal format is PF_A8B8G8R8,2048x2048x1.
Texture 'Forest_ground_base4.png': Loading 1 faces(PF_A8B8G8R8,2048x2048x1) with 11 hardware generated mipmaps from Image. Internal format is PF_A8B8G8R8,2048x2048x1.
Mesh: Loading root_LoopB.mesh.
Mesh: Loading root_LoopC.mesh.
Unregistering ResourceManager for type Font
DefaultWorkQueue('Root') shutting down on thread 30888.
DefaultWorkQueue('Root')::WorkerFunc - thread 29648 stopped.
DefaultWorkQueue('Root')::WorkerFunc - thread 12160 stopped.
*-*-* OGRE Shutdown
Unregistering ResourceManager for type Compositor
Unregistering ResourceManager for type Material
Unregistering ResourceManager for type GpuProgram
Unloading library E:/Blender/test1/finalproject/build/dist/bin/./Codec_STBI
Uninstalling plugin: GL RenderSystem
*** Stopping Win32GL Subsystem ***
Unregistering ResourceManager for type Texture
Plugin successfully uninstalled
Unloading library E:/Blender/test1/finalproject/build/dist/bin/./RenderSystem_GL
Unregistering ResourceManager for type Skeleton
Unregistering ResourceManager for type Mesh
